<?xml version="1.0" encoding="UTF-8"?>
<testng-results ignored="0" total="1" passed="1" failed="0" skipped="0">
  <reporter-output>
  </reporter-output>
  <suite started-at="2019-10-30T09:44:00Z" name="Default suite" finished-at="2019-10-30T09:44:43Z" duration-ms="42845">
    <groups>
    </groups>
    <test started-at="2019-10-30T09:44:00Z" name="Default test" finished-at="2019-10-30T09:44:43Z" duration-ms="42845">
      <class name="testcase.TC_003">
        <test-method is-config="true" signature="setup()[pri:0, instance:testcase.TC_003@3af9c5b7]" started-at="2019-10-30T09:44:00Z" name="setup" finished-at="2019-10-30T09:44:06Z" duration-ms="5436" status="PASS">
          <reporter-output>
          </reporter-output>
        </test-method> <!-- setup -->
        <test-method signature="contracts()[pri:0, instance:testcase.TC_003@3af9c5b7]" started-at="2019-10-30T09:44:06Z" name="contracts" finished-at="2019-10-30T09:44:43Z" duration-ms="37365" status="PASS">
          <reporter-output>
          </reporter-output>
        </test-method> <!-- contracts -->
      </class> <!-- testcase.TC_003 -->
    </test> <!-- Default test -->
  </suite> <!-- Default suite -->
</testng-results>
